<?xml version="1.0" encoding="UTF-8"?>
<testng-results skipped="0" failed="0" ignored="0" total="1" passed="1">
  <reporter-output>
    <line>
      <![CDATA[Element is present]]>
    </line>
  </reporter-output>
  <suite name="Command line suite" duration-ms="21693" started-at="2018-06-30T20:45:40Z" finished-at="2018-06-30T20:46:02Z">
    <groups>
    </groups>
    <test name="Command line test" duration-ms="21693" started-at="2018-06-30T20:45:40Z" finished-at="2018-06-30T20:46:02Z">
      <class name="testScript.Test1">
        <test-method status="PASS" signature="launchBrowser()[pri:0, instance:testScript.Test1@3fb6a447]" name="launchBrowser" is-config="true" duration-ms="8038" started-at="2018-06-30T20:45:40Z" finished-at="2018-06-30T20:45:48Z">
          <reporter-output>
          </reporter-output>
        </test-method> <!-- launchBrowser -->
        <test-method status="PASS" signature="testNESTHome()[pri:0, instance:testScript.Test1@3fb6a447]" name="testNESTHome" duration-ms="13625" started-at="2018-06-30T20:45:48Z" finished-at="2018-06-30T20:46:02Z">
          <reporter-output>
            <line>
              <![CDATA[Element is present]]>
            </line>
          </reporter-output>
        </test-method> <!-- testNESTHome -->
        <test-method status="PASS" signature="closeBrowser()[pri:0, instance:testScript.Test1@3fb6a447]" name="closeBrowser" is-config="true" duration-ms="1" started-at="2018-06-30T20:46:02Z" finished-at="2018-06-30T20:46:02Z">
          <reporter-output>
          </reporter-output>
        </test-method> <!-- closeBrowser -->
      </class> <!-- testScript.Test1 -->
    </test> <!-- Command line test -->
  </suite> <!-- Command line suite -->
</testng-results>
