<?xml version="1.0" encoding="UTF-8"?>
<testng-results skipped="0" failed="0" ignored="0" total="2" passed="2">
  <reporter-output>
    <line>
      <![CDATA[Element is present]]>
    </line>
    <line>
      <![CDATA[Element is present]]>
    </line>
    <line>
      <![CDATA[Element is present]]>
    </line>
    <line>
      <![CDATA[Element is present]]>
    </line>
    <line>
      <![CDATA[Element is present]]>
    </line>
    <line>
      <![CDATA[Element is present]]>
    </line>
    <line>
      <![CDATA[Element is present]]>
    </line>
    <line>
      <![CDATA[Element is present]]>
    </line>
    <line>
      <![CDATA[Element is present]]>
    </line>
    <line>
      <![CDATA[Element is not present]]>
    </line>
    <line>
      <![CDATA[Details are incorrect. Please enter the details correctly]]>
    </line>
    <line>
      <![CDATA[Element is present]]>
    </line>
    <line>
      <![CDATA[Element is present]]>
    </line>
    <line>
      <![CDATA[Element is present]]>
    </line>
    <line>
      <![CDATA[Element is present]]>
    </line>
    <line>
      <![CDATA[SE Details correct]]>
    </line>
  </reporter-output>
  <suite name="Command line suite" duration-ms="140264" started-at="2018-07-01T07:25:57Z" finished-at="2018-07-01T07:28:17Z">
    <groups>
    </groups>
    <test name="Command line test" duration-ms="140264" started-at="2018-07-01T07:25:57Z" finished-at="2018-07-01T07:28:17Z">
      <class name="testScript.Test1">
        <test-method status="PASS" signature="launchBrowser()[pri:0, instance:testScript.Test1@79b4d0f]" name="launchBrowser" is-config="true" duration-ms="5953" started-at="2018-07-01T07:25:57Z" finished-at="2018-07-01T07:26:03Z">
          <reporter-output>
          </reporter-output>
        </test-method> <!-- launchBrowser -->
        <test-method status="PASS" signature="testNESTHome()[pri:0, instance:testScript.Test1@79b4d0f]" name="testNESTHome" duration-ms="96656" started-at="2018-07-01T07:26:03Z" finished-at="2018-07-01T07:27:40Z">
          <reporter-output>
            <line>
              <![CDATA[Element is present]]>
            </line>
            <line>
              <![CDATA[Element is present]]>
            </line>
            <line>
              <![CDATA[Element is present]]>
            </line>
            <line>
              <![CDATA[Element is present]]>
            </line>
            <line>
              <![CDATA[Element is present]]>
            </line>
            <line>
              <![CDATA[Element is present]]>
            </line>
            <line>
              <![CDATA[Element is present]]>
            </line>
            <line>
              <![CDATA[Element is present]]>
            </line>
            <line>
              <![CDATA[Element is present]]>
            </line>
            <line>
              <![CDATA[Element is not present]]>
            </line>
            <line>
              <![CDATA[Details are incorrect. Please enter the details correctly]]>
            </line>
          </reporter-output>
        </test-method> <!-- testNESTHome -->
        <test-method status="PASS" signature="closeBrowser()[pri:0, instance:testScript.Test1@79b4d0f]" name="closeBrowser" is-config="true" duration-ms="777" started-at="2018-07-01T07:27:40Z" finished-at="2018-07-01T07:27:40Z">
          <reporter-output>
          </reporter-output>
        </test-method> <!-- closeBrowser -->
      </class> <!-- testScript.Test1 -->
      <class name="testScript.Test2">
        <test-method status="PASS" signature="launchBrowser()[pri:0, instance:testScript.Test2@6b2fad11]" name="launchBrowser" is-config="true" duration-ms="4727" started-at="2018-07-01T07:27:40Z" finished-at="2018-07-01T07:27:45Z">
          <reporter-output>
          </reporter-output>
        </test-method> <!-- launchBrowser -->
        <test-method status="PASS" signature="SelfEmployedSgnup()[pri:0, instance:testScript.Test2@6b2fad11]" name="SelfEmployedSgnup" duration-ms="31450" started-at="2018-07-01T07:27:45Z" finished-at="2018-07-01T07:28:17Z">
          <reporter-output>
            <line>
              <![CDATA[Element is present]]>
            </line>
            <line>
              <![CDATA[Element is present]]>
            </line>
            <line>
              <![CDATA[Element is present]]>
            </line>
            <line>
              <![CDATA[Element is present]]>
            </line>
            <line>
              <![CDATA[SE Details correct]]>
            </line>
          </reporter-output>
        </test-method> <!-- SelfEmployedSgnup -->
        <test-method status="PASS" signature="closeBrowser()[pri:0, instance:testScript.Test2@6b2fad11]" name="closeBrowser" is-config="true" duration-ms="662" started-at="2018-07-01T07:28:17Z" finished-at="2018-07-01T07:28:17Z">
          <reporter-output>
          </reporter-output>
        </test-method> <!-- closeBrowser -->
      </class> <!-- testScript.Test2 -->
    </test> <!-- Command line test -->
  </suite> <!-- Command line suite -->
</testng-results>
