<?xml version="1.0" encoding="UTF-8"?>
<testng-results skipped="0" failed="0" ignored="0" total="1" passed="1">
  <reporter-output>
    <line>
      <![CDATA[Element is present]]>
    </line>
    <line>
      <![CDATA[Element is present]]>
    </line>
    <line>
      <![CDATA[Element is present]]>
    </line>
    <line>
      <![CDATA[Element is present]]>
    </line>
    <line>
      <![CDATA[Element is present]]>
    </line>
    <line>
      <![CDATA[Element is present]]>
    </line>
    <line>
      <![CDATA[Element is present]]>
    </line>
    <line>
      <![CDATA[Element is present]]>
    </line>
    <line>
      <![CDATA[Element is present]]>
    </line>
    <line>
      <![CDATA[Element is present]]>
    </line>
    <line>
      <![CDATA[Element is present]]>
    </line>
    <line>
      <![CDATA[Element is present]]>
    </line>
    <line>
      <![CDATA[Element is present]]>
    </line>
    <line>
      <![CDATA[Element is present]]>
    </line>
    <line>
      <![CDATA[Element is present]]>
    </line>
    <line>
      <![CDATA[Element is present]]>
    </line>
    <line>
      <![CDATA[Element is present]]>
    </line>
    <line>
      <![CDATA[Element is present]]>
    </line>
    <line>
      <![CDATA[Element is present]]>
    </line>
    <line>
      <![CDATA[Element is present]]>
    </line>
    <line>
      <![CDATA[Element is present]]>
    </line>
    <line>
      <![CDATA[Element is present]]>
    </line>
    <line>
      <![CDATA[Element is present]]>
    </line>
    <line>
      <![CDATA[Element is present]]>
    </line>
    <line>
      <![CDATA[Details are correct]]>
    </line>
  </reporter-output>
  <suite name="Default suite" duration-ms="40190" started-at="2018-07-01T00:04:38Z" finished-at="2018-07-01T00:05:18Z">
    <groups>
    </groups>
    <test name="Default test" duration-ms="40190" started-at="2018-07-01T00:04:38Z" finished-at="2018-07-01T00:05:18Z">
      <class name="testScript.Test1">
        <test-method status="PASS" signature="launchBrowser()[pri:0, instance:testScript.Test1@55f3ddb1]" name="launchBrowser" is-config="true" duration-ms="7681" started-at="2018-07-01T05:34:38Z" finished-at="2018-07-01T05:34:45Z">
          <reporter-output>
          </reporter-output>
        </test-method> <!-- launchBrowser -->
        <test-method status="PASS" signature="testNESTHome()[pri:0, instance:testScript.Test1@55f3ddb1]" name="testNESTHome" duration-ms="31623" started-at="2018-07-01T05:34:45Z" finished-at="2018-07-01T05:35:17Z">
          <reporter-output>
            <line>
              <![CDATA[Element is present]]>
            </line>
            <line>
              <![CDATA[Element is present]]>
            </line>
            <line>
              <![CDATA[Element is present]]>
            </line>
            <line>
              <![CDATA[Element is present]]>
            </line>
            <line>
              <![CDATA[Element is present]]>
            </line>
            <line>
              <![CDATA[Element is present]]>
            </line>
            <line>
              <![CDATA[Element is present]]>
            </line>
            <line>
              <![CDATA[Element is present]]>
            </line>
            <line>
              <![CDATA[Element is present]]>
            </line>
            <line>
              <![CDATA[Element is present]]>
            </line>
            <line>
              <![CDATA[Element is present]]>
            </line>
            <line>
              <![CDATA[Element is present]]>
            </line>
            <line>
              <![CDATA[Element is present]]>
            </line>
            <line>
              <![CDATA[Element is present]]>
            </line>
            <line>
              <![CDATA[Element is present]]>
            </line>
            <line>
              <![CDATA[Element is present]]>
            </line>
            <line>
              <![CDATA[Element is present]]>
            </line>
            <line>
              <![CDATA[Element is present]]>
            </line>
            <line>
              <![CDATA[Element is present]]>
            </line>
            <line>
              <![CDATA[Element is present]]>
            </line>
            <line>
              <![CDATA[Element is present]]>
            </line>
            <line>
              <![CDATA[Element is present]]>
            </line>
            <line>
              <![CDATA[Element is present]]>
            </line>
            <line>
              <![CDATA[Element is present]]>
            </line>
            <line>
              <![CDATA[Details are correct]]>
            </line>
          </reporter-output>
        </test-method> <!-- testNESTHome -->
        <test-method status="PASS" signature="closeBrowser()[pri:0, instance:testScript.Test1@55f3ddb1]" name="closeBrowser" is-config="true" duration-ms="812" started-at="2018-07-01T05:35:17Z" finished-at="2018-07-01T05:35:18Z">
          <reporter-output>
          </reporter-output>
        </test-method> <!-- closeBrowser -->
      </class> <!-- testScript.Test1 -->
    </test> <!-- Default test -->
  </suite> <!-- Default suite -->
</testng-results>
